Coefficients and Mulliken populations of the atomic orbitals

Eigenvector:   1    (up)

    1 O   s             0.857963   0.843860
          p_y           0.000000   0.000000
          p_z          -0.006277  -0.000409
          p_x           0.000000   0.000000

    2 H   s            -0.143576   0.078274

    3 H   s            -0.143576   0.078274

Eigenvector:   2    (up)

    1 O   s             0.000000   0.000000
          p_y          -0.000000   0.000000
          p_z          -0.000000   0.000000
          p_x          -0.656718   0.594594

    2 H   s            -0.387588   0.202703

    3 H   s             0.387588   0.202703

Eigenvector:   3    (up)

    1 O   s             0.280226   0.029234
          p_y           0.000000   0.000000
          p_z          -0.866230   0.836921
          p_x          -0.000000  -0.000000

    2 H   s             0.201078   0.066923

    3 H   s             0.201078   0.066923

Eigenvector:   4    (up)

    1 O   s            -0.000000   0.000000
          p_y           1.000000   1.000000
          p_z           0.000000   0.000000
          p_x           0.000000  -0.000000

    2 H   s            -0.000000   0.000000

    3 H   s             0.000000   0.000000

Eigenvector:   5    (up)

    1 O   s             0.000000   0.000000
          p_y          -0.000000   0.000000
          p_z           0.000000   0.000000
          p_x          -0.954895   0.405406

    2 H   s             0.826566   0.297297

    3 H   s            -0.826566   0.297297

Eigenvector:   6    (up)

    1 O   s            -0.861078   0.126906
          p_y          -0.000000   0.000000
          p_z          -0.655049   0.163488
          p_x          -0.000000   0.000000

    2 H   s            -0.815840   0.354803

    3 H   s            -0.815840   0.354803

